Added Component: Designator=L2(0603L)
Add Pin To Net: Unknown Pin: Pin C1-2
Add Pin To Net: Unknown Pin: Pin C1-3
Add Pin To Net: Unknown Pin: Pin C2-2
Add Pin To Net: Unknown Pin: Pin C2-3
Add Pin To Net: Unknown Pin: Pin C3-6
Add Pin To Net: Unknown Pin: Pin C3-7
Add Pin To Net: Unknown Pin: Pin C4-2
Add Pin To Net: Unknown Pin: Pin C4-3
Add Pin To Net: Unknown Pin: Pin C5-2
Add Pin To Net: Unknown Pin: Pin C5-3
Add Pin To Net: Unknown Pin: Pin C6-6
Add Pin To Net: Unknown Pin: Pin C6-7
Add Pin To Net: Unknown Pin: Pin C7-6
Add Pin To Net: Unknown Pin: Pin C7-7
Add Pin To Net: Unknown Pin: Pin C8-6
Add Pin To Net: Unknown Pin: Pin C8-7
Add Pin To Net: Unknown Pin: Pin C9-2
Add Pin To Net: Unknown Pin: Pin C9-3
Add Pin To Net: Unknown Pin: Pin C10-2
Add Pin To Net: Unknown Pin: Pin C10-3
Add Pin To Net: Unknown Pin: Pin C11-6
Add Pin To Net: Unknown Pin: Pin C11-7
Add Pin To Net: Unknown Pin: Pin C12-6
Add Pin To Net: Unknown Pin: Pin C12-7
Add Pin To Net: Unknown Pin: Pin C13-6
Add Pin To Net: Unknown Pin: Pin C13-7
Add Pin To Net: Unknown Pin: Pin C14-2
Add Pin To Net: Unknown Pin: Pin C14-3
Add Pin To Net: Unknown Pin: Pin C15-2
Add Pin To Net: Unknown Pin: Pin C15-3
Add Pin To Net: Unknown Pin: Pin C16-6
Add Pin To Net: Unknown Pin: Pin C16-7
Add Pin To Net: Unknown Pin: Pin C17-2
Add Pin To Net: Unknown Pin: Pin C17-3
Add Pin To Net: Unknown Pin: Pin D1-6
Add Pin To Net: Unknown Pin: Pin D1-7
Add Pin To Net: Unknown Pin: Pin D2-6
Add Pin To Net: Unknown Pin: Pin D2-7
Add Pin To Net: Unknown Pin: Pin D3-6
Add Pin To Net: Unknown Pin: Pin D3-7
Add Pin To Net: Unknown Pin: Pin D4-9
Add Pin To Net: Unknown Pin: Pin D4-10
Add Pin To Net: Unknown Pin: Pin D5-9
Add Pin To Net: Unknown Pin: Pin D5-10
Add Pin To Net: Unknown Pin: Pin D6-9
Add Pin To Net: Unknown Pin: Pin D6-10
Add Pin To Net: Unknown Pin: Pin D7-9
Add Pin To Net: Unknown Pin: Pin D7-10
Add Pin To Net: Unknown Pin: Pin D8-9
Add Pin To Net: Unknown Pin: Pin D8-10
Add Pin To Net: Unknown Pin: Pin D9-6
Add Pin To Net: Unknown Pin: Pin D9-7
Add Pin To Net: Unknown Pin: Pin J1-1
Add Pin To Net: Unknown Pin: Pin J2-1
Add Pin To Net: Unknown Pin: Pin J3-1
Add Pin To Net: Unknown Pin: Pin J3-2
Add Pin To Net: Unknown Pin: Pin J3-3
Add Pin To Net: Unknown Pin: Pin J4-1
Add Pin To Net: Unknown Pin: Pin J4-2
Add Pin To Net: Unknown Pin: Pin J4-3
Add Pin To Net: Unknown Pin: Pin J4-4
Add Pin To Net: Unknown Pin: Pin J5-1
Add Pin To Net: Unknown Pin: Pin J5-2
Add Pin To Net: Unknown Pin: Pin J5-3
Add Pin To Net: Unknown Pin: Pin J5-4
Add Pin To Net: Unknown Pin: Pin J5-5
Add Pin To Net: Unknown Pin: Pin J5-6
Add Pin To Net: Unknown Pin: Pin J6-1
Add Pin To Net: Unknown Pin: Pin J6-2
Add Pin To Net: Unknown Pin: Pin J6-3
Add Pin To Net: Unknown Pin: Pin J6-4
Add Pin To Net: Unknown Pin: Pin J6-5
Add Pin To Net: Unknown Pin: Pin J6-6
Add Pin To Net: Unknown Pin: Pin J6-7
Add Pin To Net: Unknown Pin: Pin J6-8
Add Pin To Net: Unknown Pin: Pin J6-9
Add Pin To Net: Unknown Pin: Pin J6-10
Add Pin To Net: Unknown Pin: Pin J6-11
Add Pin To Net: Unknown Pin: Pin J6-12
Add Pin To Net: Unknown Pin: Pin J7-1
Add Pin To Net: Unknown Pin: Pin J7-2
Add Pin To Net: Unknown Pin: Pin J7-3
Add Pin To Net: Unknown Pin: Pin J7-4
Add Pin To Net: Unknown Pin: Pin J7-5
Add Pin To Net: Unknown Pin: Pin J7-6
Add Pin To Net: Unknown Pin: Pin J7-7
Add Pin To Net: Unknown Pin: Pin J7-8
Add Pin To Net: Unknown Pin: Pin J7-9
Add Pin To Net: Unknown Pin: Pin J7-10
Add Pin To Net: Unknown Pin: Pin J7-11
Add Pin To Net: Unknown Pin: Pin J7-12
Add Pin To Net: Unknown Pin: Pin J8-1
Add Pin To Net: Unknown Pin: Pin J8-2
Add Pin To Net: Unknown Pin: Pin J8-3
Add Pin To Net: Unknown Pin: Pin J8-4
Add Pin To Net: Unknown Pin: Pin J8-5
Add Pin To Net: Unknown Pin: Pin J8-6
Add Pin To Net: Unknown Pin: Pin J9-1
Add Pin To Net: Unknown Pin: Pin J9-2
Add Pin To Net: Unknown Pin: Pin J9-3
Add Pin To Net: Unknown Pin: Pin J9-4
Add Pin To Net: Unknown Pin: Pin J10-1
Add Pin To Net: Unknown Pin: Pin J10-2
Add Pin To Net: Unknown Pin: Pin J10-3
Add Pin To Net: Unknown Pin: Pin J10-4
Add Pin To Net: Unknown Pin: Pin J10-5
Add Pin To Net: Unknown Pin: Pin J10-6
Add Pin To Net: Unknown Pin: Pin J10-11
Add Pin To Net: Unknown Pin: Pin J10-12
Add Pin To Net: Unknown Pin: Pin J10-13
Add Pin To Net: Unknown Pin: Pin J10-14
Add Pin To Net: Unknown Pin: Pin J10-15
Add Pin To Net: Unknown Pin: Pin J10-16
Add Pin To Net: Unknown Pin: Pin J10-17
Add Pin To Net: Unknown Pin: Pin J10-18
Add Pin To Net: Unknown Pin: Pin J10-19
Add Pin To Net: Unknown Pin: Pin J10-20
Add Pin To Net: Unknown Pin: Pin J11-1
Add Pin To Net: Unknown Pin: Pin J11-2
Add Pin To Net: Unknown Pin: Pin J11-3
Add Pin To Net: Unknown Pin: Pin J11-4
Add Pin To Net: Unknown Pin: Pin J11-5
Add Pin To Net: Unknown Pin: Pin J11-6
Add Pin To Net: Unknown Pin: Pin J11-7
Add Pin To Net: Unknown Pin: Pin J11-9
Add Pin To Net: Unknown Pin: Pin J11-11
Add Pin To Net: Unknown Pin: Pin J11-12
Add Pin To Net: Unknown Pin: Pin J11-16
Add Pin To Net: Unknown Pin: Pin J11-21
Add Pin To Net: Unknown Pin: Pin J11-22
Add Pin To Net: Unknown Pin: Pin J12-1
Add Pin To Net: Unknown Pin: Pin J12-3
Add Pin To Net: Unknown Pin: Pin J12-4
Add Pin To Net: Unknown Pin: Pin J12-5
Add Pin To Net: Unknown Pin: Pin J12-6
Add Pin To Net: Unknown Pin: Pin J12-7
Add Pin To Net: Unknown Pin: Pin J12-8
Add Pin To Net: Unknown Pin: Pin J12-9
Add Pin To Net: Unknown Pin: Pin J12-10
Add Pin To Net: Unknown Pin: Pin J12-17
Add Pin To Net: Unknown Pin: Pin J12-18
Add Pin To Net: Unknown Pin: Pin J12-19
Add Pin To Net: Unknown Pin: Pin J12-20
Add Pin To Net: Unknown Pin: Pin J12-21
Add Pin To Net: Unknown Pin: Pin J12-22
Add Pin To Net: Unknown Pin: Pin J13-1
Add Pin To Net: Unknown Pin: Pin J13-2
Add Pin To Net: Unknown Pin: Pin J14-1
Add Pin To Net: Unknown Pin: Pin J14-2
Add Pin To Net: Unknown Pin: Pin J14-3
Add Pin To Net: Unknown Pin: Pin J14-4
Add Pin To Net: Unknown Pin: Pin J14-5
Add Pin To Net: Unknown Pin: Pin J14-6
Add Pin To Net: Unknown Pin: Pin J14-7
Add Pin To Net: Unknown Pin: Pin J14-8
Add Pin To Net: Unknown Pin: Pin J15-1
Add Pin To Net: Unknown Pin: Pin J15-2
Add Pin To Net: Unknown Pin: Pin J15-3
Add Pin To Net: Unknown Pin: Pin J16-2
Add Pin To Net: Unknown Pin: Pin J16-3
Add Pin To Net: Unknown Pin: Pin J16-4
Add Pin To Net: Unknown Pin: Pin J16-5
Add Pin To Net: Unknown Pin: Pin J17-1
Add Pin To Net: Unknown Pin: Pin J17-2
Add Pin To Net: Unknown Pin: Pin L1-9
Add Pin To Net: Unknown Pin: Pin L1-10
Added Pin To Net: NetName=AGND Pin=L2-1
Added Pin To Net: NetName=GND Pin=L2-2
Add Pin To Net: Unknown Pin: Pin LM1-1
Add Pin To Net: Unknown Pin: Pin LM1-2
Add Pin To Net: Unknown Pin: Pin LM1-3
Add Pin To Net: Unknown Pin: Pin LS1-4
Add Pin To Net: Unknown Pin: Pin LS1-5
Add Pin To Net: Unknown Pin: Pin Q1-1
Add Pin To Net: Unknown Pin: Pin Q1-2
Add Pin To Net: Unknown Pin: Pin Q1-3
Add Pin To Net: Unknown Pin: Pin R1-4
Add Pin To Net: Unknown Pin: Pin R1-5
Add Pin To Net: Unknown Pin: Pin R2-4
Add Pin To Net: Unknown Pin: Pin R2-5
Add Pin To Net: Unknown Pin: Pin R3-4
Add Pin To Net: Unknown Pin: Pin R3-5
Add Pin To Net: Unknown Pin: Pin R4-4
Add Pin To Net: Unknown Pin: Pin R4-5
Add Pin To Net: Unknown Pin: Pin R5-4
Add Pin To Net: Unknown Pin: Pin R5-5
Add Pin To Net: Unknown Pin: Pin R6-4
Add Pin To Net: Unknown Pin: Pin R6-5
Add Pin To Net: Unknown Pin: Pin R7-4
Add Pin To Net: Unknown Pin: Pin R7-5
Add Pin To Net: Unknown Pin: Pin R8-4
Add Pin To Net: Unknown Pin: Pin R8-5
Add Pin To Net: Unknown Pin: Pin R9-4
Add Pin To Net: Unknown Pin: Pin R9-5
Add Pin To Net: Unknown Pin: Pin R10-4
Add Pin To Net: Unknown Pin: Pin R10-5
Add Pin To Net: Unknown Pin: Pin R11-4
Add Pin To Net: Unknown Pin: Pin R11-5
Add Pin To Net: Unknown Pin: Pin R12-4
Add Pin To Net: Unknown Pin: Pin R12-5
Add Pin To Net: Unknown Pin: Pin R13-4
Add Pin To Net: Unknown Pin: Pin R13-5
Add Pin To Net: Unknown Pin: Pin R14-4
Add Pin To Net: Unknown Pin: Pin R14-5
Add Pin To Net: Unknown Pin: Pin R15-4
Add Pin To Net: Unknown Pin: Pin R15-5
Add Pin To Net: Unknown Pin: Pin R16-4
Add Pin To Net: Unknown Pin: Pin R16-5
Add Pin To Net: Unknown Pin: Pin R17-4
Add Pin To Net: Unknown Pin: Pin R17-5
Add Pin To Net: Unknown Pin: Pin R18-4
Add Pin To Net: Unknown Pin: Pin R18-5
Add Pin To Net: Unknown Pin: Pin R19-4
Add Pin To Net: Unknown Pin: Pin R19-5
Add Pin To Net: Unknown Pin: Pin R20-4
Add Pin To Net: Unknown Pin: Pin R20-5
Add Pin To Net: Unknown Pin: Pin R21-4
Add Pin To Net: Unknown Pin: Pin R21-5
Add Pin To Net: Unknown Pin: Pin R22-4
Add Pin To Net: Unknown Pin: Pin R22-5
Add Pin To Net: Unknown Pin: Pin R23-4
Add Pin To Net: Unknown Pin: Pin R23-5
Add Pin To Net: Unknown Pin: Pin R24-4
Add Pin To Net: Unknown Pin: Pin R25-4
Add Pin To Net: Unknown Pin: Pin R25-5
Add Pin To Net: Unknown Pin: Pin R26-4
Add Pin To Net: Unknown Pin: Pin R26-5
Add Pin To Net: Unknown Pin: Pin R27-4
Add Pin To Net: Unknown Pin: Pin R27-5
Add Pin To Net: Unknown Pin: Pin R28-4
Add Pin To Net: Unknown Pin: Pin R28-5
Add Pin To Net: Unknown Pin: Pin R29-4
Add Pin To Net: Unknown Pin: Pin R29-5
Add Pin To Net: Unknown Pin: Pin R30-4
Add Pin To Net: Unknown Pin: Pin R30-5
Add Pin To Net: Unknown Pin: Pin R31-4
Add Pin To Net: Unknown Pin: Pin R31-5
Add Pin To Net: Unknown Pin: Pin S1-1
Add Pin To Net: Unknown Pin: Pin S1-2
Add Pin To Net: Unknown Pin: Pin S2-1
Add Pin To Net: Unknown Pin: Pin S2-2
Add Pin To Net: Unknown Pin: Pin S2-3
Add Pin To Net: Unknown Pin: Pin S2-4
Add Pin To Net: Unknown Pin: Pin S2-5
Add Pin To Net: Unknown Pin: Pin S2-6
Add Pin To Net: Unknown Pin: Pin S2-7
Add Pin To Net: Unknown Pin: Pin S2-8
Add Pin To Net: Unknown Pin: Pin S3-1
Add Pin To Net: Unknown Pin: Pin S3-2
Add Pin To Net: Unknown Pin: Pin U1-1
Add Pin To Net: Unknown Pin: Pin U1-2
Add Pin To Net: Unknown Pin: Pin U1-3
Add Pin To Net: Unknown Pin: Pin U1-5
Add Pin To Net: Unknown Pin: Pin U2-1
Add Pin To Net: Unknown Pin: Pin U2-2
Add Pin To Net: Unknown Pin: Pin U2-3
Add Pin To Net: Unknown Pin: Pin U2-4
Add Pin To Net: Unknown Pin: Pin U2-5
Add Pin To Net: Unknown Pin: Pin U2-6
Add Pin To Net: Unknown Pin: Pin U2-8
Add Pin To Net: Unknown Pin: Pin U3-1
Add Pin To Net: Unknown Pin: Pin U3-2
Add Pin To Net: Unknown Pin: Pin U3-3
Add Pin To Net: Unknown Pin: Pin U3-4
Add Pin To Net: Unknown Pin: Pin U3-5
Add Pin To Net: Unknown Pin: Pin U3-6
Add Pin To Net: Unknown Pin: Pin U3-7
Add Pin To Net: Unknown Pin: Pin U3-8
Add Pin To Net: Unknown Pin: Pin U4-2
Add Pin To Net: Unknown Pin: Pin U4-3
Add Pin To Net: Unknown Pin: Pin U4-4
Add Pin To Net: Unknown Pin: Pin U4-5
Add Pin To Net: Unknown Pin: Pin U5-1
Add Pin To Net: Unknown Pin: Pin U5-2
Add Pin To Net: Unknown Pin: Pin U5-3
Add Pin To Net: Unknown Pin: Pin U5-4
Add Pin To Net: Unknown Pin: Pin U5-5
Add Pin To Net: Unknown Pin: Pin U5-6
Add Pin To Net: Unknown Pin: Pin U5-7
Add Pin To Net: Unknown Pin: Pin U5-8
Add Pin To Net: Unknown Pin: Pin U6-1
Add Pin To Net: Unknown Pin: Pin U6-2
Add Pin To Net: Unknown Pin: Pin U6-3
Add Pin To Net: Unknown Pin: Pin U6-4
Add Pin To Net: Unknown Pin: Pin U6-5
Add Pin To Net: Unknown Pin: Pin U6-6
Add Pin To Net: Unknown Pin: Pin U6-7
Add Pin To Net: Unknown Pin: Pin U6-8
Add Class Member: Failed to add class member : Component C1 4.7uF
Add Class Member: Failed to add class member : Component C2 4.7uF
Add Class Member: Failed to add class member : Component C3 47uF
Add Class Member: Failed to add class member : Component C4 10uF
Add Class Member: Failed to add class member : Component C5 0.1uF
Add Class Member: Failed to add class member : Component C6 100uF
Add Class Member: Failed to add class member : Component C7 47uF
Add Class Member: Failed to add class member : Component C8 22uF
Add Class Member: Failed to add class member : Component C9 0.1uF
Add Class Member: Failed to add class member : Component C10 4.7uF
Add Class Member: Failed to add class member : Component C11 22uF
Add Class Member: Failed to add class member : Component C12 22uF
Add Class Member: Failed to add class member : Component C13 22uF
Add Class Member: Failed to add class member : Component C14 0.1uF
Add Class Member: Failed to add class member : Component C15 0.1uF
Add Class Member: Failed to add class member : Component C16 22uF
Add Class Member: Failed to add class member : Component C17 CAP104
Add Class Member: Failed to add class member : Component D1 1N5819
Add Class Member: Failed to add class member : Component D2 SS34
Add Class Member: Failed to add class member : Component D3 SS34
Add Class Member: Failed to add class member : Component D4 LED
Add Class Member: Failed to add class member : Component D5 LED
Add Class Member: Failed to add class member : Component D6 LED
Add Class Member: Failed to add class member : Component D7 LED
Add Class Member: Failed to add class member : Component D8 LED
Add Class Member: Failed to add class member : Component D9 SS34
Add Class Member: Failed to add class member : Component H1 HOLE
Add Class Member: Failed to add class member : Component H2 HOLE
Add Class Member: Failed to add class member : Component H3 HOLE
Add Class Member: Failed to add class member : Component H4 HOLE
Add Class Member: Failed to add class member : Component J1 -
Add Class Member: Failed to add class member : Component J2 +
Add Class Member: Failed to add class member : Component J3 AD-KEY
Add Class Member: Failed to add class member : Component J4 CON4
Add Class Member: Failed to add class member : Component J5 OLED
Add Class Member: Failed to add class member : Component J6 CON12
Add Class Member: Failed to add class member : Component J7 CON12
Add Class Member: Failed to add class member : Component J8 motor drive
Add Class Member: Failed to add class member : Component J9 bluebooth
Add Class Member: Failed to add class member : Component J10 HEADER 10x2
Add Class Member: Failed to add class member : Component J11 HEADER 11x2
Add Class Member: Failed to add class member : Component J12 HEADER 11x2
Add Class Member: Failed to add class member : Component J13 CON2
Add Class Member: Failed to add class member : Component J14 RM
Add Class Member: Failed to add class member : Component J15 servo drive
Add Class Member: Failed to add class member : Component J16 CCD
Add Class Member: Failed to add class member : Component J17 CON2
Add Class Member: Failed to add class member : Component L1 6.8uH
Added Member To Class: ClassName=ÖÇÄÜ³µÖ÷°å Member=Component L2 100M
Add Class Member: Failed to add class member : Component LM1 Im2940
Add Class Member: Failed to add class member : Component LS1 Bell
Add Class Member: Failed to add class member : Component Q1 2N3904
Add Class Member: Failed to add class member : Component R1 1k
Add Class Member: Failed to add class member : Component R2 1k
Add Class Member: Failed to add class member : Component R3 1k
Add Class Member: Failed to add class member : Component R4 1k
Add Class Member: Failed to add class member : Component R5 3.9k
Add Class Member: Failed to add class member : Component R6 1k
Add Class Member: Failed to add class member : Component R7 1k
Add Class Member: Failed to add class member : Component R8 1k
Add Class Member: Failed to add class member : Component R9 1k
Add Class Member: Failed to add class member : Component R10 1k
Add Class Member: Failed to add class member : Component R11 1k
Add Class Member: Failed to add class member : Component R12 1k
Add Class Member: Failed to add class member : Component R13 2.2k
Add Class Member: Failed to add class member : Component R14 3.3k
Add Class Member: Failed to add class member : Component R15 3.3k
Add Class Member: Failed to add class member : Component R16 3.3k
Add Class Member: Failed to add class member : Component R17 1k
Add Class Member: Failed to add class member : Component R18 1k
Add Class Member: Failed to add class member : Component R19 1k
Add Class Member: Failed to add class member : Component R20 1k
Add Class Member: Failed to add class member : Component R21 1k
Add Class Member: Failed to add class member : Component R22 1k
Add Class Member: Failed to add class member : Component R23 1k
Add Class Member: Failed to add class member : Component R24 1k
Add Class Member: Failed to add class member : Component R25 1k
Add Class Member: Failed to add class member : Component R26 1k
Add Class Member: Failed to add class member : Component R27 1k
Add Class Member: Failed to add class member : Component R28 1k
Add Class Member: Failed to add class member : Component R29 1k
Add Class Member: Failed to add class member : Component R30 1k
Add Class Member: Failed to add class member : Component R31 1k
Add Class Member: Failed to add class member : Component S1 SW-SPST
Add Class Member: Failed to add class member : Component S2 SW DIP-4
Add Class Member: Failed to add class member : Component S3 SW-SPST
Add Class Member: Failed to add class member : Component U1 TPS73633
Add Class Member: Failed to add class member : Component U2 LM2663
Add Class Member: Failed to add class member : Component U3 HCPL0631
Add Class Member: Failed to add class member : Component U4 MIC29302
Add Class Member: Failed to add class member : Component U5 HCPL0631
Add Class Member: Failed to add class member : Component U6 HCPL0631
