Add Component: Footprint Not Found 0603L
Added Net: Name=A1
Added Net: Name=ADB2
Added Net: Name=ADE20
Added Net: Name=ADE21
Added Net: Name=ADE22
Added Net: Name=ADE23
Added Net: Name=ADE29
Added Net: Name=ADE30
Added Net: Name=AGND
Added Net: Name=B16
Added Net: Name=B17
Added Net: Name=C0
Added Net: Name=C1
Added Net: Name=C2
Added Net: Name=C3
Added Net: Name=C4
Added Net: Name=C5
Added Net: Name=C6
Added Net: Name=C7
Added Net: Name=C8
Added Net: Name=C9
Added Net: Name=CCDB0
Added Net: Name=CCDB1
Added Net: Name=CCDB2
Added Net: Name=CCDB3
Added Net: Name=CHGL
Added Net: Name=CHGR
Added Net: Name=D4
Added Net: Name=D5
Added Net: Name=D6
Added Net: Name=D7
Added Net: Name=GGND
Added Net: Name=GHGL
Added Net: Name=GHGR
Added Net: Name=GND
Added Net: Name=LPWM1
Added Net: Name=LPWM2
Added Net: Name=moto R+
Added Net: Name=motor L+
Added Net: Name=motor L-
Added Net: Name=motor R+
Added Net: Name=motor R-
Added Net: Name=NetC1_3
Added Net: Name=NetC3_6
Added Net: Name=NetC3_7
Added Net: Name=NetC8_7
Added Net: Name=NetC12_7
Added Net: Name=NetC17_3
Added Net: Name=NetD4_9
Added Net: Name=NetD5_9
Added Net: Name=NetD6_9
Added Net: Name=NetD7_9
Added Net: Name=NetD8_9
Added Net: Name=NetD9_6
Added Net: Name=NetJ4_1
Added Net: Name=NetJ8_5
Added Net: Name=NetQ1_3
Added Net: Name=NetR3_4
Added Net: Name=NetR4_4
Added Net: Name=NetR5_5
Added Net: Name=NetR10_4
Added Net: Name=NetR11_4
Added Net: Name=NetR18_5
Added Net: Name=NetR21_4
Added Net: Name=NetR24_4
Added Net: Name=PWM5
Added Net: Name=RPWM1
Added Net: Name=RPWM2
Added Net: Name=RX
Added Net: Name=SERVODUTY
Added Net: Name=TX
Added Net: Name=V5
Added Net: Name=V6
Added Net: Name=VBAT+
Added Net: Name=VBAT
Added Net: Name=VCC3.3
Added Net: Name=VCC5
Added Net: Name=VCC-5
Added Net: Name=VCC
Added Class: Name=ÖÇÄÜ³µÖ÷°å
Added Rule: Name=Schematic Supply Nets
Added Rule: Name=Schematic Supply Nets_1
Added Rule: Name=Schematic Supply Nets_2
Added Rule: Name=Schematic Supply Nets_3
Added Rule: Name=Schematic Supply Nets_4
Added Rule: Name=Schematic Supply Nets_5
Added Rule: Name=Schematic Supply Nets_6
Added Rule: Name=Schematic Supply Nets_7
Added Rule: Name=Schematic Supply Nets_8
Added Rule: Name=Schematic Supply Nets_9
Added Rule: Name=Schematic Supply Nets_10
