Added Pin To Net: NetName=GND Pin=C1-1
Added Pin To Net: NetName=NetD1_2 Pin=C1-2
Added Pin To Net: NetName=GND Pin=C2-1
Added Pin To Net: NetName=VCC3.3 Pin=C2-2
Added Pin To Net: NetName=GND Pin=C4-1
Added Pin To Net: NetName=VCC5 Pin=C4-2
Added Pin To Net: NetName=GND Pin=C5-1
Added Pin To Net: NetName=VCC-5 Pin=C5-2
Added Pin To Net: NetName=GND Pin=C6-1
Added Pin To Net: NetName=VCC-5 Pin=C6-2
Added Pin To Net: NetName=VBAT Pin=C7-1
Added Pin To Net: NetName=GGND Pin=C7-2
Added Pin To Net: NetName=GND Pin=C8-2
Added Pin To Net: NetName=GND Pin=C9-2
Added Pin To Net: NetName=GGND Pin=C10-1
Added Pin To Net: NetName=V5 Pin=C10-2
Added Pin To Net: NetName=V6 Pin=C11-1
Added Pin To Net: NetName=GGND Pin=C11-2
Added Pin To Net: NetName=GGND Pin=C12-2
Added Pin To Net: NetName=V5 Pin=C13-1
Added Pin To Net: NetName=GGND Pin=C13-2
Added Pin To Net: NetName=GGND Pin=C14-1
Added Pin To Net: NetName=V5 Pin=C14-2
Added Pin To Net: NetName=GND Pin=C15-1
Added Pin To Net: NetName=VCC5 Pin=C15-2
Added Pin To Net: NetName=VCC5 Pin=C16-1
Added Pin To Net: NetName=GND Pin=C16-2
Added Pin To Net: NetName=GND Pin=C17-1
Added Pin To Net: NetName=VCC5 Pin=C17-2
Added Pin To Net: NetName=VCC5 Pin=LS1-1
Change Net Name : Old Net Name=NetD1_2 New Net Name=NetC1_2
Added Pin To Net: NetName=C3 Pin=J10-20
Added Pin To Net: NetName=C3 Pin=R31-1
Added Net: Name=C3
Added Pin To Net: NetName=NetC3_1 Pin=C3-1
Added Pin To Net: NetName=NetC3_1 Pin=U2-2
Added Net: Name=NetC3_1
Added Pin To Net: NetName=NetC3_2 Pin=C3-2
Added Pin To Net: NetName=NetC3_2 Pin=U2-4
Added Net: Name=NetC3_2
Added Pin To Net: NetName=NetC8_1 Pin=C8-1
Added Pin To Net: NetName=NetC8_1 Pin=C9-1
Added Pin To Net: NetName=NetC8_1 Pin=D2-2
Added Pin To Net: NetName=NetC8_1 Pin=LM1-1
Added Net: Name=NetC8_1
Added Pin To Net: NetName=NetC12_1 Pin=C12-1
Added Pin To Net: NetName=NetC12_1 Pin=D3-2
Added Pin To Net: NetName=NetC12_1 Pin=U4-2
Added Net: Name=NetC12_1
