Added Component: Designator=D4(0805D)
Added Component: Designator=D5(0805D)
Added Component: Designator=D6(0805D)
Added Component: Designator=D7(0805D)
Added Component: Designator=D8(0805D)
Added Pin To Net: NetName=VCC5 Pin=D1-1
Added Pin To Net: NetName=VBAT Pin=D2-1
Added Pin To Net: NetName=VBAT Pin=D3-1
Add Pin To Net: Unknown Pin: Pin D4-9
Add Pin To Net: Unknown Pin: Pin D4-10
Add Pin To Net: Unknown Pin: Pin D5-9
Add Pin To Net: Unknown Pin: Pin D5-10
Add Pin To Net: Unknown Pin: Pin D6-9
Add Pin To Net: Unknown Pin: Pin D6-10
Add Pin To Net: Unknown Pin: Pin D7-9
Add Pin To Net: Unknown Pin: Pin D7-10
Add Pin To Net: Unknown Pin: Pin D8-9
Add Pin To Net: Unknown Pin: Pin D8-10
Added Pin To Net: NetName=VCC5 Pin=D9-2
Add Pin To Net: Unknown Pin: Pin L1-9
Add Pin To Net: Unknown Pin: Pin L1-10
Added Pin To Net: NetName=RPWM2 Pin=R1-1
Added Pin To Net: NetName=V5 Pin=R1-2
Added Pin To Net: NetName=RPWM1 Pin=R2-1
Added Pin To Net: NetName=V5 Pin=R2-2
Added Pin To Net: NetName=V6 Pin=R5-2
Added Pin To Net: NetName=GGND Pin=R6-1
Added Pin To Net: NetName=V6 Pin=R6-2
Added Pin To Net: NetName=GGND Pin=R7-1
Added Pin To Net: NetName=RPWM2 Pin=R8-1
Added Pin To Net: NetName=V5 Pin=R8-2
Added Pin To Net: NetName=RPWM1 Pin=R9-1
Added Pin To Net: NetName=V5 Pin=R9-2
Added Pin To Net: NetName=NetD4_9 Pin=R12-1
Added Pin To Net: NetName=VCC3.3 Pin=R12-2
Added Pin To Net: NetName=NetD5_9 Pin=R13-1
Added Pin To Net: NetName=VCC5 Pin=R13-2
Added Pin To Net: NetName=NetD6_9 Pin=R14-1
Added Pin To Net: NetName=VCC-5 Pin=R14-2
Added Pin To Net: NetName=NetD7_9 Pin=R15-1
Added Pin To Net: NetName=V6 Pin=R15-2
Added Pin To Net: NetName=NetD8_9 Pin=R16-1
Added Pin To Net: NetName=V5 Pin=R16-2
Added Pin To Net: NetName=D7 Pin=R17-1
Added Pin To Net: NetName=VCC3.3 Pin=R17-2
Added Pin To Net: NetName=VCC Pin=R18-2
Added Pin To Net: NetName=SERVODUTY Pin=R19-1
Added Pin To Net: NetName=VCC Pin=R19-2
Added Pin To Net: NetName=D6 Pin=R20-1
Added Pin To Net: NetName=VCC3.3 Pin=R20-2
Added Pin To Net: NetName=D5 Pin=R22-1
Added Pin To Net: NetName=VCC3.3 Pin=R22-2
Added Pin To Net: NetName=D4 Pin=R23-1
Added Pin To Net: NetName=VCC3.3 Pin=R23-2
Added Pin To Net: NetName=CHGR Pin=R25-1
Added Pin To Net: NetName=VCC3.3 Pin=R25-2
Added Pin To Net: NetName=C5 Pin=R26-1
Added Pin To Net: NetName=VCC3.3 Pin=R26-2
Added Pin To Net: NetName=B17 Pin=R27-1
Added Pin To Net: NetName=VCC3.3 Pin=R27-2
Added Pin To Net: NetName=C4 Pin=R28-1
Added Pin To Net: NetName=VCC3.3 Pin=R28-2
Added Pin To Net: NetName=B16 Pin=R29-1
Added Pin To Net: NetName=VCC3.3 Pin=R29-2
Added Pin To Net: NetName=CHGL Pin=R30-1
Added Pin To Net: NetName=VCC3.3 Pin=R30-2
Added Pin To Net: NetName=NetQ1_3 Pin=R31-2
Add Pin To Net: Unknown Pin: Pin U1-2
Add Pin To Net: Unknown Pin: Pin U1-5
Added Pin To Net: NetName=NetD1_2 Pin=D1-2
Added Net: Name=NetD1_2
Added Pin To Net: NetName=NetD2_2 Pin=D2-2
Added Pin To Net: NetName=NetD2_2 Pin=LM1-1
Added Net: Name=NetD2_2
Added Pin To Net: NetName=NetD3_2 Pin=D3-2
Added Pin To Net: NetName=NetD3_2 Pin=U4-2
Added Net: Name=NetD3_2
Added Pin To Net: NetName=NetD9_1 Pin=D9-1
Added Pin To Net: NetName=NetD9_1 Pin=Q1-1
Added Net: Name=NetD9_1
Added Pin To Net: NetName=NetR3_2 Pin=R3-2
Added Pin To Net: NetName=NetR3_2 Pin=U3-2
Added Net: Name=NetR3_2
Added Pin To Net: NetName=NetR4_2 Pin=R4-2
Added Pin To Net: NetName=NetR4_2 Pin=U3-3
Added Net: Name=NetR4_2
Added Pin To Net: NetName=NetR5_1 Pin=R5-1
Added Pin To Net: NetName=NetR5_1 Pin=R7-2
Added Pin To Net: NetName=NetR5_1 Pin=U4-5
Added Net: Name=NetR5_1
Added Pin To Net: NetName=NetR10_2 Pin=R10-2
Added Pin To Net: NetName=NetR10_2 Pin=U5-2
Added Net: Name=NetR10_2
Added Pin To Net: NetName=NetR11_2 Pin=R11-2
Added Pin To Net: NetName=NetR11_2 Pin=U5-3
Added Net: Name=NetR11_2
Added Pin To Net: NetName=NetR18_1 Pin=R18-1
Added Pin To Net: NetName=NetR18_1 Pin=U6-6
Added Net: Name=NetR18_1
Added Pin To Net: NetName=NetR21_2 Pin=R21-2
Added Pin To Net: NetName=NetR21_2 Pin=U6-2
Added Net: Name=NetR21_2
Added Pin To Net: NetName=NetR24_2 Pin=R24-2
Added Pin To Net: NetName=NetR24_2 Pin=U6-3
Added Net: Name=NetR24_2
Added Member To Class: ClassName=智能车主板 Member=Component D4 LED
Added Member To Class: ClassName=智能车主板 Member=Component D5 LED
Added Member To Class: ClassName=智能车主板 Member=Component D6 LED
Added Member To Class: ClassName=智能车主板 Member=Component D7 LED
Added Member To Class: ClassName=智能车主板 Member=Component D8 LED
Add Class Member: Failed to add class member : Component U1 TPS73633
